1568131478478	mozrunner::runner	INFO	Running command: "C:\\Program Files\\Mozilla Firefox\\firefox.exe" "-marionette" "-foreground" "-no-remote" "-profile" "C:\\Users\\benja\\AppData\\Local\\Temp\\rust_mozprofile.PxsMWO94EUGo"
1568131479398	addons.webextension.screenshots@mozilla.org	WARN	Loading extension 'screenshots@mozilla.org': Reading manifest: Invalid extension permission: mozillaAddons
1568131479399	addons.webextension.screenshots@mozilla.org	WARN	Loading extension 'screenshots@mozilla.org': Reading manifest: Invalid extension permission: telemetry
1568131479399	addons.webextension.screenshots@mozilla.org	WARN	Loading extension 'screenshots@mozilla.org': Reading manifest: Invalid extension permission: resource://pdf.js/
1568131479400	addons.webextension.screenshots@mozilla.org	WARN	Loading extension 'screenshots@mozilla.org': Reading manifest: Invalid extension permission: about:reader*
JavaScript error: resource://gre/modules/XULStore.jsm, line 66: Error: Can't find profile directory.
1568131481622	Marionette	INFO	Listening on port 60510
1568131482106	Marionette	WARN	TLS certificate errors will be ignored for this session
WebGL(000002886B30F000)::ForceLoseContext
WebGL(000002886D181000)::ForceLoseContext
WebGL(000002886B321000)::ForceLoseContext
WebGL(000002886E48E000)::ForceLoseContext
WebGL(000002886E49A800)::ForceLoseContext
WebGL(000002886E4A0800)::ForceLoseContext
WebGL(000002886F3C1800)::ForceLoseContext
WebGL(0000028871E97000)::ForceLoseContext
JavaScript warning: https://i.alicdn.com/ae-header/20190718134354/buyer/glofront/ae-header.js, line 4: unreachable code after return statement
JavaScript warning: https://i.alicdn.com/ae-header/20190718134354/buyer/glofront/ae-header.js, line 5: unreachable code after return statement
JavaScript warning: https://i.alicdn.com/ae-header/20190718134354/buyer/glofront/ae-header.js, line 4: unreachable code after return statement
JavaScript warning: https://i.alicdn.com/ae-header/20190718134354/buyer/glofront/ae-header.js, line 5: unreachable code after return statement
WebGL(000002885786B000)::ForceLoseContext
WebGL(000002886F3C2000)::ForceLoseContext
[Parent 14980, Gecko_IOThread] WARNING: pipe error: 109: file z:/task_1566864336/build/src/ipc/chromium/src/chrome/common/ipc_channel_win.cc, line 341
[Parent 14980, Gecko_IOThread] WARNING: pipe error: 109: file z:/task_1566864336/build/src/ipc/chromium/src/chrome/common/ipc_channel_win.cc, line 341
[Child 33972, Chrome_ChildThread] WARNING: pipe error: 109: file z:/task_1566864336/build/src/ipc/chromium/src/chrome/common/ipc_channel_win.cc, line 341
[Child 33972, Chrome_ChildThread] WARNI[Child 33588, Chrome_ChildThread] WARNING: pipe error: 109: file z:/task_1566864336/build/src/ipc/chromium/src/chrome/common/ipc_channel_win.cc, line 341
[Child 33588, Chrome_ChildThread] WARNING: pipe error: 109: file z:/task_1566864336/build/src/ipc/chromium/src/chro[Parent 14980, Gecko_IOThread] WARNING: pipe error: 109: file z:/task_1566864336/build/src/ipc/chromium/src/chrome/common/ipc_channel_win.cc, line 341
[Child 15464, Chrome_ChildThread] WARNING: pipe error: 109: file z:/task_1566864336/build/src/ipc/chromium/src/chrome/common/ipc_channel_win.cc, line 341
[Child 15464,1568131703492	Marionette	INFO	Stopped listening on port 60510

###!!! [Child][RunMessage] Error: Channel closing: too late to send/recv, messages will be lost

[GPU 3
###!!! [Child][MessageChannel::SendAndWait] Error: Channel error: cannot send/recv

A800)::ForceLoseContext
WebGL(0000025A4A4CD800)::ForceLoseContext
WebGL(0000025A43332000)::ForceLoseContext
WebGL(0000025A43F5C800)::ForceLoseContext
[Parent 34480, Gecko_IOThread] WARNING: pipe error: 109: file z:/task_1566864336/build/src/ipc/chromium/src/chrome/common/ipc_channel_win.cc, line 341
JavaScript warning: https://i.alicdn.com/ae-header/20190718134354/buyer/glofront/ae-header.js, line 4: unreachable code after return statement
JavaScript warning: https://i.alicdn.com/ae-header/20190718134354/buyer/glofront/ae-header.js, line 5: unreachable code after return statement
JavaScript warning: https://i.alicdn.com/ae-header/20190718134354/buyer/glofront/ae-header.js, line 4: unreachable code after return statement
JavaScript warning: https://i.alicdn.com/ae-header/20190718134354/buyer/glofront/ae-header.js, line 5: unreachable code after return statement
WebGL(0000025A470CF800)::ForceLoseContext
WebGL(0000025A4A4D6800)::ForceLoseContext
[Parent 34480, Gecko_IOThread] WARNING: pipe error: 109: file z:/task_1566864336/build/src/ipc/chromium/src/chrome/common/ipc_channel_win.cc, line 341
[Parent 34480, Gecko_IOThread] WARNING: pipe error: 109: file z:/task_1566864336/build/src/ipc/chromium/src/chrome/common/ipc_channel_win.cc, line 341
[Parent 34480, Gecko_IOThread] WARNING: pipe error: 109: file z:/task_1566864336/build/src/ipc/chromium/src/chrome/common/ipc_channel_win.cc, line 341
[Child 36340, Chrome_ChildThread] WARNING: pipe error: 109: file z:/task_1566864336/build/src/ipc/chromium/src/chrome/common/ipc_channel_win.cc, line 341
[Chi[Child 36340, Chrome_ChildThrld 9416, Chrome_ChildThread] WARNING: pipe error: 109: file z:/task_1566864336/build/src/ipc/chromium/src/chrome/common/ipc_channel_win.cc, line 341
[Child 941[Parent 34480, Gecko_IOThread] WARNING: pipe error: 109: file z:/task_1566864336/build/src/ipc/chromium/src/chrome/common/ipc_channel_win.cc, line 341
[Child 35680, Chrome_ChildThread] WARNING: pipe error: 109: file z:/task_1566864336/build/src/ipc/chromium/src/chrome/common/ipc_channel_win.cc, line 341
[Child 35680,1568131704921	Marionette	INFO	Stopped listening on port 60809

###!!! [Child][RunMessage] Error: Channel closing: too late to send/recv, messages will be lost

[GPU 27596
###!!! [Child][MessageChannel::SendAndWait] Error: Channel error: cannot send/recv

1568131709478	mozrunner::runner	INFO	Running command: "C:\\Program Files\\Mozilla Firefox\\firefox.exe" "-marionette" "-foreground" "-no-remote" "-profile" "C:\\Users\\benja\\AppData\\Local\\Temp\\rust_mozprofile.MTgcXNpDb4KU"
1568131709945	addons.webextension.screenshots@mozilla.org	WARN	Loading extension 'screenshots@mozilla.org': Reading manifest: Invalid extension permission: mozillaAddons
1568131709946	addons.webextension.screenshots@mozilla.org	WARN	Loading extension 'screenshots@mozilla.org': Reading manifest: Invalid extension permission: telemetry
1568131709946	addons.webextension.screenshots@mozilla.org	WARN	Loading extension 'screenshots@mozilla.org': Reading manifest: Invalid extension permission: resource://pdf.js/
1568131709946	addons.webextension.screenshots@mozilla.org	WARN	Loading extension 'screenshots@mozilla.org': Reading manifest: Invalid extension permission: about:reader*
JavaScript error: resource://gre/modules/XULStore.jsm, line 66: Error: Can't find profile directory.
1568131711747	Marionette	INFO	Listening on port 61406
1568131712100	Marionette	WARN	TLS certificate errors will be ignored for this session
JavaScript warning: https://i.alicdn.com/ae-header/20190718134354/buyer/glofront/ae-header.js, line 4: unreachable code after return statement
JavaScript warning: https://i.alicdn.com/ae-header/20190718134354/buyer/glofront/ae-header.js, line 5: unreachable code after return statement
JavaScript warning: https://i.alicdn.com/ae-header/20190718134354/buyer/glofront/ae-header.js, line 4: unreachable code after return statement
JavaScript warning: https://i.alicdn.com/ae-header/20190718134354/buyer/glofront/ae-header.js, line 5: unreachable code after return statement
WebGL(00000214F3E65000)::ForceLoseContext
WebGL(00000214F3E74800)::ForceLoseContext
[Parent 37288, Gecko_IOThread] WARNING: pipe error: 109: file z:/task_1566864336/build/src/ipc/chromium/src/chrome/common/ipc_channel_win.cc, line 341
JavaScript warning: https://i.alicdn.com/ae-ams-ui/1.1.1/widget/list/model.js, line 4: unreachable code after return statement
JavaScript warning: https://i.alicdn.com/ae-ams-ui/1.1.1/widget/list/model.js, line 4: unreachable code after return statement
JavaScript warning: https://i.alicdn.com/ae-ams-ui/1.1.1/module/sns/index.js, line 4: unreachable code after return statement
JavaScript warning: https://i.alicdn.com/ae-ams-ui/1.1.1/module/sns/index.js, line 4: unreachable code after return statement
JavaScript warning: https://i.alicdn.com/ae-header/20170208145626/buyer/front/ae-header.js, line 4: unreachable code after return statement
JavaScript warning: https://i.alicdn.com/ae-header/20170208145626/buyer/front/ae-header.js, line 4: unreachable code after return statement
JavaScript warning: https://i.alicdn.com/ae-channel-ui/1.1.0/bestselling/bestselling-index.js, line 5: unreachable code after return statement
JavaScript warning: https://i.alicdn.com/ae-channel-ui/1.1.0/bestselling/bestselling-index.js, line 5: unreachable code after return statement
[GFX1-]: [D2D1.1] 4CreateBitmap failure Size(20,24000) Code: 0x80070057 format 0
WebGL(00000214E0674800)::ForceLoseContext
WebGL(00000214F704A000)::ForceLoseContext
[Parent 37288, Gecko_IOThread] WARNING: pipe error: 109: file z:/task_1566864336/build/src/ipc/chromium/src/chrome/common/ipc_channel_win.cc, line 341
IPDL protocol error: Handler returned error code!

###!!! [Parent][DispatchAsyncMessage] Error: PLayerTransaction::Msg_ReleaseLayer Processing error: message was deserialized, but the handler returned false (indicating failure)

IPDL protocol error: Handler returned error code!

###!!! [Parent][DispatchAsyncMessage] Error: PLayerTransaction::Msg_ReleaseLayer Processing error: message was deserialized, but the handler returned false (indicating failure)

IPDL protocol error: Handler returned error code!

###!!! [Parent][DispatchAsyncMessage] Error: PLayerTransaction::Msg_ReleaseLayer Processing error: message was deserialized, but the handler returned false (indicating failure)

IPDL protocol error: Handler returned error code!

###!!! [Parent][DispatchAsyncMessage] Error: PLayerTransaction::Msg_ReleaseLayer Processing error: message was deserialized, but the handler returned false (indicating failure)

IPDL protocol error: Handler returned error code!

###!!! [Parent][DispatchAsyncMessage] Error: PLayerTransaction::Msg_ReleaseLayer Processing error: message was deserialized, but the handler returned false (indicating failure)

IPDL protocol error: Handler returned error code!

###!!! [Parent][DispatchAsyncMessage] Error: PLayerTransaction::Msg_ReleaseLayer Processing error: message was deserialized, but the handler returned false (indicating failure)

IPDL protocol error: Handler returned error code!

###!!! [Parent][DispatchAsyncMessage] Error: PLayerTransaction::Msg_ReleaseLayer Processing error: message was deserialized, but the handler returned false (indicating failure)

IPDL protocol error: Handler returned error code!

###!!! [Parent][DispatchAsyncMessage] Error: PLayerTransaction::Msg_ReleaseLayer Processing error: message was deserialized, but the handler returned false (indicating failure)

IPDL protocol error: Handler returned error code!

###!!! [Parent][DispatchAsyncMessage] Error: PLayerTransaction::Msg_ReleaseLayer Processing error: message was deserialized, but the handler returned false (indicating failure)

[Parent 37288, Gecko_IOThread] WARNING: pipe error: 109: file z:/task_1566864336/build/src/ipc/chromium/src/chrome/common/ipc_channel_win.cc, line 341
[Parent 37288, Gecko_IOThread] WARNING: pipe error: 109: file z:/task_1566864336/build/src/ipc/chromium/src/chrome/common/ipc_channel_win.cc, line 341
[Child 31876, Chrome_ChildThread] WARNING: pipe error: 109: file z:/task_1566864336/build/src/ipc/chromium/src/chrome/common/ipc_channel_win.[Chcild 27012c,, Chrome_ChildThread l] WARNING: pipe error: 10i9: file z:/ne 341
task_15668643[Child 3136/build/src/ipc/chromium/src/chrome/common/ipc_channel_win.cc, line 341
[Child 27012[Parent 37288, Gecko_IOThread] WARNING: pipe error: 109: file z:/task_1566864336/build/src/ipc/chromium/src/chrome/common/ipc_channel_win.cc, line 341
[Child 28508, Chrome_ChildThread] WARNING: pipe error: 109: file z:/task_1566864336/build/src/ipc/chromium/src/chrome/common/ipc_channel_win.cc, line 341
[Child 28508,1568131904614	Marionette	INFO	Stopped listening on port 61406

###!!! [Child][RunMessage] Error: Channel closing: too late to send/recv, messages will be lost

[GPU 307
###!!! [Child][MessageChannel::SendAndWait] Error: Channel error: cannot send/recv

